Arguments: 
  /usr/local/Cellar/node/15.14.0/bin/node /usr/local/Cellar/yarn/1.22.10/libexec/bin/yarn.js add -D clasp

PATH: 
  /usr/local/var/pyenv/shims:/usr/local/sbin:/usr/local/Cellar/zplug/2.4.2/bin:/opt/local/bin:/opt/local/sbin:/usr/local/bin:/usr/bin:/bin:/usr/sbin:/sbin:/Library/Apple/usr/bin

Yarn version: 
  1.22.10

Node version: 
  15.14.0

Platform: 
  darwin x64

Trace: 
  Error: getaddrinfo ENOTFOUND registry.yarnpkg.com
      at GetAddrInfoReqWrap.onlookup [as oncomplete] (node:dns:69:26)

npm manifest: 
  {
    "name": "invoice-creation",
    "version": "1.0.0",
    "main": "index.js",
    "license": "MIT",
    "scripts": {
      "create": "clasp create --",
      "login": "clasp login",
      "logout": "clasp logout",
      "push": "clasp push"
    },
    "dependencies": {},
    "devDependencies": {
      "typescript": "^4.2.4"
    }
  }

yarn manifest: 
  No manifest

Lockfile: 
  # THIS IS AN AUTOGENERATED FILE. DO NOT EDIT THIS FILE DIRECTLY.
  # yarn lockfile v1
  
  
  typescript@^4.2.4:
    version "4.2.4"
    resolved "https://registry.yarnpkg.com/typescript/-/typescript-4.2.4.tgz#8610b59747de028fda898a8aef0e103f156d0961"
    integrity sha512-V+evlYHZnQkaz8TRBuxTA92yZBPotr5H+WhQ7bD3hZUndx5tGOa1fuCgeSjxAzM1RiN5IzvadIXTVefuuwZCRg==
